<?xml version="1.0" encoding="UTF-8"?>
<testng-results ignored="0" total="1" passed="1" failed="0" skipped="0">
  <reporter-output>
  </reporter-output>
  <suite started-at="2024-08-26T08:34:25 PDT" name="Default suite" finished-at="2024-08-26T08:34:33 PDT" duration-ms="8186">
    <groups>
    </groups>
    <test started-at="2024-08-26T08:34:25 PDT" name="Default test" finished-at="2024-08-26T08:34:33 PDT" duration-ms="8186">
      <class name="comm.dropdown.Drop_down_box1">
        <test-method signature="Dropdown1()[pri:0, instance:comm.dropdown.Drop_down_box1@43195e57]" started-at="2024-08-26T08:34:25 PDT" name="Dropdown1" finished-at="2024-08-26T08:34:33 PDT" duration-ms="8150" status="PASS">
          <reporter-output>
          </reporter-output>
        </test-method> <!-- Dropdown1 -->
      </class> <!-- comm.dropdown.Drop_down_box1 -->
    </test> <!-- Default test -->
  </suite> <!-- Default suite -->
</testng-results>
